<?xml version="1.0" encoding="UTF-8"?>
<testng-results skipped="0" failed="0" ignored="0" total="2" passed="2">
  <reporter-output>
  </reporter-output>
  <suite name="Default suite" duration-ms="1985" started-at="2019-11-01T08:57:09Z" finished-at="2019-11-01T08:57:11Z">
    <groups>
    </groups>
    <test name="Default test" duration-ms="1985" started-at="2019-11-01T08:57:09Z" finished-at="2019-11-01T08:57:11Z">
      <class name="com.Rest.Base">
        <test-method status="PASS" signature="startSuite()[pri:0, instance:com.Rest.Base@4501b7af]" name="startSuite" is-config="true" duration-ms="329" started-at="2019-11-01T14:27:09Z" finished-at="2019-11-01T14:27:09Z">
          <reporter-output>
          </reporter-output>
        </test-method> <!-- startSuite -->
        <test-method status="PASS" signature="DeleteTest1()[pri:0, instance:com.Rest.Base@4501b7af]" name="DeleteTest1" duration-ms="1516" started-at="2019-11-01T14:27:09Z" finished-at="2019-11-01T14:27:11Z">
          <reporter-output>
          </reporter-output>
        </test-method> <!-- DeleteTest1 -->
        <test-method status="PASS" signature="DeleteTest2()[pri:0, instance:com.Rest.Base@4501b7af]" name="DeleteTest2" duration-ms="452" started-at="2019-11-01T14:27:11Z" finished-at="2019-11-01T14:27:11Z">
          <reporter-output>
          </reporter-output>
        </test-method> <!-- DeleteTest2 -->
      </class> <!-- com.Rest.Base -->
    </test> <!-- Default test -->
  </suite> <!-- Default suite -->
</testng-results>
